[0.292s] Invoking command in '/home/ubuntu/turtle_ws/src/cps_pid_turtle': PYTHONPATH=/home/ubuntu/turtle_ws/src/cps_pid_turtle/build/cps_pid_turtle/prefix_override:/usr/lib/python3/dist-packages/colcon_core/task/python/colcon_distutils_commands:/home/ubuntu/turtle_ws/src/cps_pid_turtle/install/cps_pid_turtle/lib/python3.10/site-packages:${PYTHONPATH} /usr/bin/python3 -W ignore:setup.py install is deprecated -W ignore:easy_install command is deprecated setup.py egg_info --egg-base build/cps_pid_turtle build --build-base /home/ubuntu/turtle_ws/src/cps_pid_turtle/build/cps_pid_turtle/build install --record /home/ubuntu/turtle_ws/src/cps_pid_turtle/build/cps_pid_turtle/install.log --single-version-externally-managed install_data
[0.397s] running egg_info
[0.397s] writing build/cps_pid_turtle/cps_pid_turtle.egg-info/PKG-INFO
[0.398s] writing dependency_links to build/cps_pid_turtle/cps_pid_turtle.egg-info/dependency_links.txt
[0.398s] writing entry points to build/cps_pid_turtle/cps_pid_turtle.egg-info/entry_points.txt
[0.398s] writing requirements to build/cps_pid_turtle/cps_pid_turtle.egg-info/requires.txt
[0.398s] writing top-level names to build/cps_pid_turtle/cps_pid_turtle.egg-info/top_level.txt
[0.399s] reading manifest file 'build/cps_pid_turtle/cps_pid_turtle.egg-info/SOURCES.txt'
[0.399s] writing manifest file 'build/cps_pid_turtle/cps_pid_turtle.egg-info/SOURCES.txt'
[0.399s] running build
[0.399s] running build_py
[0.400s] running install
[0.400s] running install_lib
[0.400s] running install_data
[0.400s] copying launch/follow_shape_launch.py -> /home/ubuntu/turtle_ws/src/cps_pid_turtle/install/cps_pid_turtle/share/cps_pid_turtle/launch
[0.400s] running install_egg_info
[0.401s] removing '/home/ubuntu/turtle_ws/src/cps_pid_turtle/install/cps_pid_turtle/lib/python3.10/site-packages/cps_pid_turtle-0.0.0-py3.10.egg-info' (and everything under it)
[0.401s] Copying build/cps_pid_turtle/cps_pid_turtle.egg-info to /home/ubuntu/turtle_ws/src/cps_pid_turtle/install/cps_pid_turtle/lib/python3.10/site-packages/cps_pid_turtle-0.0.0-py3.10.egg-info
[0.402s] running install_scripts
[0.412s] Installing controller script to /home/ubuntu/turtle_ws/src/cps_pid_turtle/install/cps_pid_turtle/lib/cps_pid_turtle
[0.412s] Installing sensor_publisher script to /home/ubuntu/turtle_ws/src/cps_pid_turtle/install/cps_pid_turtle/lib/cps_pid_turtle
[0.413s] writing list of installed files to '/home/ubuntu/turtle_ws/src/cps_pid_turtle/build/cps_pid_turtle/install.log'
[0.426s] Invoked command in '/home/ubuntu/turtle_ws/src/cps_pid_turtle' returned '0': PYTHONPATH=/home/ubuntu/turtle_ws/src/cps_pid_turtle/build/cps_pid_turtle/prefix_override:/usr/lib/python3/dist-packages/colcon_core/task/python/colcon_distutils_commands:/home/ubuntu/turtle_ws/src/cps_pid_turtle/install/cps_pid_turtle/lib/python3.10/site-packages:${PYTHONPATH} /usr/bin/python3 -W ignore:setup.py install is deprecated -W ignore:easy_install command is deprecated setup.py egg_info --egg-base build/cps_pid_turtle build --build-base /home/ubuntu/turtle_ws/src/cps_pid_turtle/build/cps_pid_turtle/build install --record /home/ubuntu/turtle_ws/src/cps_pid_turtle/build/cps_pid_turtle/install.log --single-version-externally-managed install_data
