running egg_info
writing build/cps_pid_turtle/cps_pid_turtle.egg-info/PKG-INFO
writing dependency_links to build/cps_pid_turtle/cps_pid_turtle.egg-info/dependency_links.txt
writing entry points to build/cps_pid_turtle/cps_pid_turtle.egg-info/entry_points.txt
writing requirements to build/cps_pid_turtle/cps_pid_turtle.egg-info/requires.txt
writing top-level names to build/cps_pid_turtle/cps_pid_turtle.egg-info/top_level.txt
reading manifest file 'build/cps_pid_turtle/cps_pid_turtle.egg-info/SOURCES.txt'
writing manifest file 'build/cps_pid_turtle/cps_pid_turtle.egg-info/SOURCES.txt'
running build
running build_py
running install
running install_lib
running install_data
copying launch/follow_shape_launch.py -> /home/ubuntu/turtle_ws/src/cps_pid_turtle/install/cps_pid_turtle/share/cps_pid_turtle/launch
running install_egg_info
removing '/home/ubuntu/turtle_ws/src/cps_pid_turtle/install/cps_pid_turtle/lib/python3.10/site-packages/cps_pid_turtle-0.0.0-py3.10.egg-info' (and everything under it)
Copying build/cps_pid_turtle/cps_pid_turtle.egg-info to /home/ubuntu/turtle_ws/src/cps_pid_turtle/install/cps_pid_turtle/lib/python3.10/site-packages/cps_pid_turtle-0.0.0-py3.10.egg-info
running install_scripts
Installing controller script to /home/ubuntu/turtle_ws/src/cps_pid_turtle/install/cps_pid_turtle/lib/cps_pid_turtle
Installing sensor_publisher script to /home/ubuntu/turtle_ws/src/cps_pid_turtle/install/cps_pid_turtle/lib/cps_pid_turtle
writing list of installed files to '/home/ubuntu/turtle_ws/src/cps_pid_turtle/build/cps_pid_turtle/install.log'
