[0.063s] DEBUG:colcon:Command line arguments: ['/usr/bin/colcon', 'build']
[0.063s] DEBUG:colcon:Parsed command line arguments: Namespace(log_base=None, log_level=None, verb_name='build', build_base='build', install_base='install', merge_install=False, symlink_install=False, test_result_base=None, continue_on_error=False, executor='parallel', parallel_workers=4, event_handlers=None, ignore_user_meta=False, metas=['./colcon.meta'], base_paths=['.'], packages_ignore=None, packages_ignore_regex=None, paths=None, packages_up_to=None, packages_up_to_regex=None, packages_above=None, packages_above_and_dependencies=None, packages_above_depth=None, packages_select_by_dep=None, packages_skip_by_dep=None, packages_skip_up_to=None, packages_select_build_failed=False, packages_skip_build_finished=False, packages_select_test_failures=False, packages_skip_test_passed=False, packages_select=None, packages_skip=None, packages_select_regex=None, packages_skip_regex=None, packages_start=None, packages_end=None, allow_overriding=[], cmake_args=None, cmake_target=None, cmake_target_skip_unavailable=False, cmake_clean_cache=False, cmake_clean_first=False, cmake_force_configure=False, ament_cmake_args=None, catkin_cmake_args=None, catkin_skip_building_tests=False, verb_parser=<colcon_defaults.argument_parser.defaults.DefaultArgumentsDecorator object at 0xffffb803ba60>, verb_extension=<colcon_core.verb.build.BuildVerb object at 0xffffb803b5e0>, main=<bound method BuildVerb.main of <colcon_core.verb.build.BuildVerb object at 0xffffb803b5e0>>)
[0.148s] Level 1:colcon.colcon_core.package_discovery:discover_packages(colcon_meta) check parameters
[0.148s] Level 1:colcon.colcon_core.package_discovery:discover_packages(recursive) check parameters
[0.148s] Level 1:colcon.colcon_core.package_discovery:discover_packages(ignore) check parameters
[0.148s] Level 1:colcon.colcon_core.package_discovery:discover_packages(path) check parameters
[0.148s] Level 1:colcon.colcon_core.package_discovery:discover_packages(colcon_meta) discover
[0.148s] Level 1:colcon.colcon_core.package_discovery:discover_packages(recursive) discover
[0.148s] INFO:colcon.colcon_core.package_discovery:Crawling recursively for packages in '/home/ubuntu/turtle_ws/src/cps_pid_turtle'
[0.148s] Level 1:colcon.colcon_core.package_identification:_identify(.) by extensions ['ignore', 'ignore_ament_install']
[0.148s] Level 1:colcon.colcon_core.package_identification:_identify(.) by extension 'ignore'
[0.148s] Level 1:colcon.colcon_core.package_identification:_identify(.) by extension 'ignore_ament_install'
[0.148s] Level 1:colcon.colcon_core.package_identification:_identify(.) by extensions ['colcon_pkg']
[0.148s] Level 1:colcon.colcon_core.package_identification:_identify(.) by extension 'colcon_pkg'
[0.148s] Level 1:colcon.colcon_core.package_identification:_identify(.) by extensions ['colcon_meta']
[0.148s] Level 1:colcon.colcon_core.package_identification:_identify(.) by extension 'colcon_meta'
[0.148s] Level 1:colcon.colcon_core.package_identification:_identify(.) by extensions ['ros']
[0.148s] Level 1:colcon.colcon_core.package_identification:_identify(.) by extension 'ros'
[0.158s] DEBUG:colcon.colcon_core.package_identification:Package '.' with type 'ros.ament_python' and name 'cps_pid_turtle'
[0.158s] Level 1:colcon.colcon_core.package_discovery:discover_packages(recursive) using defaults
[0.158s] Level 1:colcon.colcon_core.package_discovery:discover_packages(ignore) discover
[0.158s] Level 1:colcon.colcon_core.package_discovery:discover_packages(ignore) using defaults
[0.158s] Level 1:colcon.colcon_core.package_discovery:discover_packages(path) discover
[0.158s] Level 1:colcon.colcon_core.package_discovery:discover_packages(path) using defaults
[0.171s] Level 1:colcon.colcon_core.package_discovery:discover_packages(prefix_path) check parameters
[0.171s] Level 1:colcon.colcon_core.package_discovery:discover_packages(prefix_path) discover
[0.172s] DEBUG:colcon.colcon_installed_package_information.package_discovery:Found 1 installed packages in /home/ubuntu/turtle_ws/src/cps_pid_turtle/install
[0.172s] DEBUG:colcon.colcon_installed_package_information.package_discovery:Found 1 installed packages in /home/ubuntu/turtle_ws/install
[0.173s] DEBUG:colcon.colcon_installed_package_information.package_discovery:Found 272 installed packages in /opt/ros/humble
[0.179s] Level 1:colcon.colcon_core.package_discovery:discover_packages(prefix_path) using defaults
[0.202s] Level 5:colcon.colcon_core.verb:set package 'cps_pid_turtle' build argument 'cmake_args' from command line to 'None'
[0.202s] Level 5:colcon.colcon_core.verb:set package 'cps_pid_turtle' build argument 'cmake_target' from command line to 'None'
[0.202s] Level 5:colcon.colcon_core.verb:set package 'cps_pid_turtle' build argument 'cmake_target_skip_unavailable' from command line to 'False'
[0.202s] Level 5:colcon.colcon_core.verb:set package 'cps_pid_turtle' build argument 'cmake_clean_cache' from command line to 'False'
[0.202s] Level 5:colcon.colcon_core.verb:set package 'cps_pid_turtle' build argument 'cmake_clean_first' from command line to 'False'
[0.202s] Level 5:colcon.colcon_core.verb:set package 'cps_pid_turtle' build argument 'cmake_force_configure' from command line to 'False'
[0.202s] Level 5:colcon.colcon_core.verb:set package 'cps_pid_turtle' build argument 'ament_cmake_args' from command line to 'None'
[0.202s] Level 5:colcon.colcon_core.verb:set package 'cps_pid_turtle' build argument 'catkin_cmake_args' from command line to 'None'
[0.202s] Level 5:colcon.colcon_core.verb:set package 'cps_pid_turtle' build argument 'catkin_skip_building_tests' from command line to 'False'
[0.202s] DEBUG:colcon.colcon_core.verb:Building package 'cps_pid_turtle' with the following arguments: {'ament_cmake_args': None, 'build_base': '/home/ubuntu/turtle_ws/src/cps_pid_turtle/build/cps_pid_turtle', 'catkin_cmake_args': None, 'catkin_skip_building_tests': False, 'cmake_args': None, 'cmake_clean_cache': False, 'cmake_clean_first': False, 'cmake_force_configure': False, 'cmake_target': None, 'cmake_target_skip_unavailable': False, 'install_base': '/home/ubuntu/turtle_ws/src/cps_pid_turtle/install/cps_pid_turtle', 'merge_install': False, 'path': '/home/ubuntu/turtle_ws/src/cps_pid_turtle', 'symlink_install': False, 'test_result_base': None}
[0.202s] INFO:colcon.colcon_core.executor:Executing jobs using 'parallel' executor
[0.203s] DEBUG:colcon.colcon_parallel_executor.executor.parallel:run_until_complete
[0.203s] INFO:colcon.colcon_ros.task.ament_python.build:Building ROS package in '/home/ubuntu/turtle_ws/src/cps_pid_turtle' with build type 'ament_python'
[0.203s] Level 1:colcon.colcon_core.shell:create_environment_hook('cps_pid_turtle', 'ament_prefix_path')
[0.204s] INFO:colcon.colcon_core.plugin_system:Skipping extension 'colcon_core.shell.bat': Not used on non-Windows systems
[0.205s] INFO:colcon.colcon_core.shell:Creating environment hook '/home/ubuntu/turtle_ws/src/cps_pid_turtle/install/cps_pid_turtle/share/cps_pid_turtle/hook/ament_prefix_path.ps1'
[0.205s] INFO:colcon.colcon_core.shell:Creating environment descriptor '/home/ubuntu/turtle_ws/src/cps_pid_turtle/install/cps_pid_turtle/share/cps_pid_turtle/hook/ament_prefix_path.dsv'
[0.205s] INFO:colcon.colcon_core.shell:Creating environment hook '/home/ubuntu/turtle_ws/src/cps_pid_turtle/install/cps_pid_turtle/share/cps_pid_turtle/hook/ament_prefix_path.sh'
[0.206s] INFO:colcon.colcon_core.shell:Skip shell extension 'powershell' for command environment: Not usable outside of PowerShell
[0.206s] DEBUG:colcon.colcon_core.shell:Skip shell extension 'dsv' for command environment
[0.341s] INFO:colcon.colcon_core.task.python.build:Building Python package in '/home/ubuntu/turtle_ws/src/cps_pid_turtle'
[0.341s] INFO:colcon.colcon_core.shell:Skip shell extension 'powershell' for command environment: Not usable outside of PowerShell
[0.341s] DEBUG:colcon.colcon_core.shell:Skip shell extension 'dsv' for command environment
[0.518s] DEBUG:colcon.colcon_core.event_handler.log_command:Invoking command in '/home/ubuntu/turtle_ws/src/cps_pid_turtle': PYTHONPATH=/home/ubuntu/turtle_ws/src/cps_pid_turtle/build/cps_pid_turtle/prefix_override:/usr/lib/python3/dist-packages/colcon_core/task/python/colcon_distutils_commands:/home/ubuntu/turtle_ws/src/cps_pid_turtle/install/cps_pid_turtle/lib/python3.10/site-packages:${PYTHONPATH} /usr/bin/python3 -W ignore:setup.py install is deprecated -W ignore:easy_install command is deprecated setup.py egg_info --egg-base build/cps_pid_turtle build --build-base /home/ubuntu/turtle_ws/src/cps_pid_turtle/build/cps_pid_turtle/build install --record /home/ubuntu/turtle_ws/src/cps_pid_turtle/build/cps_pid_turtle/install.log --single-version-externally-managed install_data
[0.657s] DEBUG:colcon.colcon_core.event_handler.log_command:Invoked command in '/home/ubuntu/turtle_ws/src/cps_pid_turtle' returned '0': PYTHONPATH=/home/ubuntu/turtle_ws/src/cps_pid_turtle/build/cps_pid_turtle/prefix_override:/usr/lib/python3/dist-packages/colcon_core/task/python/colcon_distutils_commands:/home/ubuntu/turtle_ws/src/cps_pid_turtle/install/cps_pid_turtle/lib/python3.10/site-packages:${PYTHONPATH} /usr/bin/python3 -W ignore:setup.py install is deprecated -W ignore:easy_install command is deprecated setup.py egg_info --egg-base build/cps_pid_turtle build --build-base /home/ubuntu/turtle_ws/src/cps_pid_turtle/build/cps_pid_turtle/build install --record /home/ubuntu/turtle_ws/src/cps_pid_turtle/build/cps_pid_turtle/install.log --single-version-externally-managed install_data
[0.659s] Level 1:colcon.colcon_core.environment:checking '/home/ubuntu/turtle_ws/src/cps_pid_turtle/install/cps_pid_turtle' for CMake module files
[0.659s] Level 1:colcon.colcon_core.environment:checking '/home/ubuntu/turtle_ws/src/cps_pid_turtle/install/cps_pid_turtle' for CMake config files
[0.659s] Level 1:colcon.colcon_core.environment:checking '/home/ubuntu/turtle_ws/src/cps_pid_turtle/install/cps_pid_turtle/lib'
[0.660s] Level 1:colcon.colcon_core.environment:checking '/home/ubuntu/turtle_ws/src/cps_pid_turtle/install/cps_pid_turtle/bin'
[0.660s] Level 1:colcon.colcon_core.environment:checking '/home/ubuntu/turtle_ws/src/cps_pid_turtle/install/cps_pid_turtle/lib/pkgconfig/cps_pid_turtle.pc'
[0.660s] Level 1:colcon.colcon_core.environment:checking '/home/ubuntu/turtle_ws/src/cps_pid_turtle/install/cps_pid_turtle/lib/python3.10/site-packages'
[0.660s] Level 1:colcon.colcon_core.shell:create_environment_hook('cps_pid_turtle', 'pythonpath')
[0.660s] INFO:colcon.colcon_core.shell:Creating environment hook '/home/ubuntu/turtle_ws/src/cps_pid_turtle/install/cps_pid_turtle/share/cps_pid_turtle/hook/pythonpath.ps1'
[0.660s] INFO:colcon.colcon_core.shell:Creating environment descriptor '/home/ubuntu/turtle_ws/src/cps_pid_turtle/install/cps_pid_turtle/share/cps_pid_turtle/hook/pythonpath.dsv'
[0.660s] INFO:colcon.colcon_core.shell:Creating environment hook '/home/ubuntu/turtle_ws/src/cps_pid_turtle/install/cps_pid_turtle/share/cps_pid_turtle/hook/pythonpath.sh'
[0.661s] Level 1:colcon.colcon_core.environment:checking '/home/ubuntu/turtle_ws/src/cps_pid_turtle/install/cps_pid_turtle/bin'
[0.661s] Level 1:colcon.colcon_core.environment:create_environment_scripts_only(cps_pid_turtle)
[0.661s] INFO:colcon.colcon_core.shell:Creating package script '/home/ubuntu/turtle_ws/src/cps_pid_turtle/install/cps_pid_turtle/share/cps_pid_turtle/package.ps1'
[0.661s] INFO:colcon.colcon_core.shell:Creating package descriptor '/home/ubuntu/turtle_ws/src/cps_pid_turtle/install/cps_pid_turtle/share/cps_pid_turtle/package.dsv'
[0.662s] INFO:colcon.colcon_core.shell:Creating package script '/home/ubuntu/turtle_ws/src/cps_pid_turtle/install/cps_pid_turtle/share/cps_pid_turtle/package.sh'
[0.662s] INFO:colcon.colcon_core.shell:Creating package script '/home/ubuntu/turtle_ws/src/cps_pid_turtle/install/cps_pid_turtle/share/cps_pid_turtle/package.bash'
[0.662s] INFO:colcon.colcon_core.shell:Creating package script '/home/ubuntu/turtle_ws/src/cps_pid_turtle/install/cps_pid_turtle/share/cps_pid_turtle/package.zsh'
[0.663s] Level 1:colcon.colcon_core.environment:create_file_with_runtime_dependencies(/home/ubuntu/turtle_ws/src/cps_pid_turtle/install/cps_pid_turtle/share/colcon-core/packages/cps_pid_turtle)
[0.663s] DEBUG:colcon.colcon_parallel_executor.executor.parallel:closing loop
[0.663s] DEBUG:colcon.colcon_parallel_executor.executor.parallel:loop closed
[0.663s] DEBUG:colcon.colcon_parallel_executor.executor.parallel:run_until_complete finished with '0'
[0.663s] DEBUG:colcon.colcon_core.event_reactor:joining thread
[0.668s] INFO:colcon.colcon_core.plugin_system:Skipping extension 'colcon_notification.desktop_notification.terminal_notifier': Not used on non-Darwin systems
[0.668s] INFO:colcon.colcon_core.plugin_system:Skipping extension 'colcon_notification.desktop_notification.win32': Not used on non-Windows systems
[0.668s] INFO:colcon.colcon_notification.desktop_notification:Sending desktop notification using 'notify2'
[0.683s] DEBUG:colcon.colcon_core.event_reactor:joined thread
[0.683s] INFO:colcon.colcon_core.shell:Creating prefix script '/home/ubuntu/turtle_ws/src/cps_pid_turtle/install/local_setup.ps1'
[0.684s] INFO:colcon.colcon_core.shell:Creating prefix util module '/home/ubuntu/turtle_ws/src/cps_pid_turtle/install/_local_setup_util_ps1.py'
[0.685s] INFO:colcon.colcon_core.shell:Creating prefix chain script '/home/ubuntu/turtle_ws/src/cps_pid_turtle/install/setup.ps1'
[0.685s] INFO:colcon.colcon_core.shell:Creating prefix script '/home/ubuntu/turtle_ws/src/cps_pid_turtle/install/local_setup.sh'
[0.686s] INFO:colcon.colcon_core.shell:Creating prefix util module '/home/ubuntu/turtle_ws/src/cps_pid_turtle/install/_local_setup_util_sh.py'
[0.686s] INFO:colcon.colcon_core.shell:Creating prefix chain script '/home/ubuntu/turtle_ws/src/cps_pid_turtle/install/setup.sh'
[0.687s] INFO:colcon.colcon_core.shell:Creating prefix script '/home/ubuntu/turtle_ws/src/cps_pid_turtle/install/local_setup.bash'
[0.687s] INFO:colcon.colcon_core.shell:Creating prefix chain script '/home/ubuntu/turtle_ws/src/cps_pid_turtle/install/setup.bash'
[0.687s] INFO:colcon.colcon_core.shell:Creating prefix script '/home/ubuntu/turtle_ws/src/cps_pid_turtle/install/local_setup.zsh'
[0.688s] INFO:colcon.colcon_core.shell:Creating prefix chain script '/home/ubuntu/turtle_ws/src/cps_pid_turtle/install/setup.zsh'
